<?xml version="1.0" encoding="UTF-8"?>
<!-- Generated by org.testng.reporters.JUnitReportReporter -->
<testsuite hostname="DESKTOP-4M4RBC6" failures="0" tests="2" name="buttonTest.ButtonTest" time="2.849" errors="0" timestamp="2023-06-21T15:09:38 IST" skipped="0">
  <testcase classname="buttonTest.ButtonTest" name="testButton" time="0.463"/>
  <system-out/>
  <testcase classname="buttonTest.ButtonTest" name="login" time="2.386"/>
  <system-out/>
</testsuite> <!-- buttonTest.ButtonTest -->
