<?xml version="1.0" encoding="UTF-8"?>
<!-- Generated by org.testng.reporters.JUnitReportReporter -->
<testsuite hostname="DESKTOP-4M4RBC6" failures="0" tests="4" name="LoginTest1.LoginTest" time="4.059" errors="0" timestamp="2023-06-19T10:36:15 IST" skipped="0">
  <testcase classname="LoginTest1.LoginTest" name="login" time="2.650"/>
  <system-out/>
  <testcase classname="LoginTest1.LoginTest" name="testSimpleAlert" time="0.795"/>
  <system-out/>
  <testcase classname="LoginTest1.LoginTest" name="testConfirmButton" time="0.322"/>
  <system-out/>
  <testcase classname="LoginTest1.LoginTest" name="testPromptButton" time="0.292"/>
  <system-out/>
</testsuite> <!-- LoginTest1.LoginTest -->
