<?xml version="1.0" encoding="UTF-8"?>
<!-- Generated by org.testng.reporters.JUnitReportReporter -->
<testsuite hostname="DESKTOP-4M4RBC6" failures="0" tests="4" name="dropDownTest1.AlertTest" time="4.245" errors="0" timestamp="2023-07-06T16:06:58 IST" skipped="0">
  <testcase classname="dropDownTest1.AlertTest" name="login" time="2.617"/>
  <system-out/>
  <testcase classname="dropDownTest1.AlertTest" name="testSimpleAlert" time="0.901"/>
  <system-out/>
  <testcase classname="dropDownTest1.AlertTest" name="testConfirmButton" time="0.343"/>
  <system-out/>
  <testcase classname="dropDownTest1.AlertTest" name="testPromptButton" time="0.384"/>
  <system-out/>
</testsuite> <!-- dropDownTest1.AlertTest -->
