<?xml version="1.0" encoding="UTF-8"?>
<!-- Generated by org.testng.reporters.JUnitReportReporter -->
<testsuite hostname="DESKTOP-4M4RBC6" failures="0" tests="1" name="testclasses.SeleniumLoginTest" time="9.153" errors="0" timestamp="2023-07-06T13:25:08 IST" skipped="0">
  <testcase classname="testclasses.SeleniumLoginTest" name="test1_validLoginTest" time="9.153"/>
  <system-out/>
</testsuite> <!-- testclasses.SeleniumLoginTest -->
