<?xml version="1.0" encoding="UTF-8"?>
<!-- Generated by org.testng.reporters.JUnitReportReporter -->
<testsuite hostname="DESKTOP-4M4RBC6" failures="0" tests="1" name="testclasses.LoginTestWithScreenshot" time="1.185" errors="0" timestamp="2023-07-10T13:46:23 IST" skipped="0">
  <testcase classname="testclasses.LoginTestWithScreenshot" name="test1_validLoginTest" time="1.185"/>
  <system-out/>
</testsuite> <!-- testclasses.LoginTestWithScreenshot -->
