<?xml version="1.0" encoding="UTF-8"?>
<!-- Generated by org.testng.reporters.JUnitReportReporter -->
<testsuite hostname="DESKTOP-4M4RBC6" failures="0" tests="1" name="ExtendPageObjectModelReport.LoginTest" time="0.873" errors="0" timestamp="2023-07-10T10:24:10 IST" skipped="0">
  <testcase classname="ExtendPageObjectModelReport.LoginTest" name="test1_validLoginTest" time="0.873"/>
  <system-out/>
</testsuite> <!-- ExtendPageObjectModelReport.LoginTest -->
