<?xml version="1.0" encoding="UTF-8"?>
<!-- Generated by org.testng.reporters.JUnitReportReporter -->
<testsuite hostname="DESKTOP-4M4RBC6" failures="0" tests="1" name="testclasses.Trial" time="4.840" errors="0" timestamp="2023-07-06T12:21:30 IST" skipped="0">
  <testcase classname="testclasses.Trial" name="testMethod" time="4.840"/>
  <system-out/>
</testsuite> <!-- testclasses.Trial -->
