<?xml version="1.0" encoding="UTF-8"?>
<!-- Generated by org.testng.reporters.JUnitReportReporter -->
<testsuite hostname="DESKTOP-4M4RBC6" failures="0" tests="1" name="automation.WindowHandlingTest" time="1.839" errors="0" timestamp="2023-06-23T10:40:08 IST" skipped="0">
  <testcase classname="automation.WindowHandlingTest" name="windowHandlingTest" time="1.839"/>
  <system-out/>
</testsuite> <!-- automation.WindowHandlingTest -->
