<?xml version="1.0" encoding="UTF-8"?>
<!-- Generated by org.testng.reporters.JUnitReportReporter -->
<testsuite hostname="DESKTOP-4M4RBC6" failures="0" tests="4" name="LoginTest1.LoginTest" time="5.715" errors="0" timestamp="2023-06-16T12:01:36 IST" skipped="0">
  <testcase classname="LoginTest1.LoginTest" name="login" time="4.726"/>
  <system-out/>
  <testcase classname="LoginTest1.LoginTest" name="testSimpleAlert" time="0.328"/>
  <system-out/>
  <testcase classname="LoginTest1.LoginTest" name="testConfirmButton" time="0.326"/>
  <system-out/>
  <testcase classname="LoginTest1.LoginTest" name="testPromptButton" time="0.335"/>
  <system-out/>
</testsuite> <!-- LoginTest1.LoginTest -->
