<?xml version="1.0" encoding="UTF-8"?>
<!-- Generated by org.testng.reporters.JUnitReportReporter -->
<testsuite hostname="DESKTOP-4M4RBC6" failures="0" tests="4" name="testngtitorials.TestNG_Grouping" time="0.011" errors="0" timestamp="2023-07-05T13:12:51 IST" skipped="0">
  <testcase classname="testngtitorials.TestNG_Grouping" name="testBMWX6" time="0.002"/>
  <system-out/>
  <testcase classname="testngtitorials.TestNG_Grouping" name="testNinja" time="0.001"/>
  <system-out/>
  <testcase classname="testngtitorials.TestNG_Grouping" name="testAudiA6" time="0.006"/>
  <system-out/>
  <testcase classname="testngtitorials.TestNG_Grouping" name="testHondaCBR" time="0.002"/>
  <system-out/>
</testsuite> <!-- testngtitorials.TestNG_Grouping -->
