<?xml version="1.0" encoding="UTF-8"?>
<!-- Generated by org.testng.reporters.JUnitReportReporter -->
<testsuite hostname="DESKTOP-4M4RBC6" failures="0" tests="1" name="automation.SortTest" time="7.148" errors="0" timestamp="2023-06-24T21:19:20 IST" skipped="0">
  <testcase classname="automation.SortTest" name="performSortTest" time="7.148"/>
  <system-out/>
</testsuite> <!-- automation.SortTest -->
