<?xml version="1.0" encoding="UTF-8"?>
<!-- Generated by org.testng.reporters.JUnitReportReporter -->
<testsuite hostname="DESKTOP-4M4RBC6" failures="0" tests="1" name="BasicProgram.ScrollingElementJavaScript" time="6.214" errors="0" timestamp="2023-07-04T17:26:59 IST" skipped="0">
  <testcase classname="BasicProgram.ScrollingElementJavaScript" name="testJavaScriptExecution" time="6.214"/>
  <system-out/>
</testsuite> <!-- BasicProgram.ScrollingElementJavaScript -->
