<?xml version="1.0" encoding="UTF-8"?>
<!-- Generated by org.testng.reporters.JUnitReportReporter -->
<testsuite hostname="DESKTOP-4M4RBC6" failures="0" tests="1" name="BasicProgram.WindowSizejavaScript" time="3.085" errors="0" timestamp="2023-07-04T17:20:24 IST" skipped="0">
  <testcase classname="BasicProgram.WindowSizejavaScript" name="testJavaScriptExecution" time="3.085"/>
  <system-out/>
</testsuite> <!-- BasicProgram.WindowSizejavaScript -->
