<?xml version="1.0" encoding="UTF-8"?>
<!-- Generated by org.testng.reporters.JUnitReportReporter -->
<testsuite hostname="DESKTOP-4M4RBC6" failures="0" tests="2" name="LoginTest1.LoginTest" time="25.013" errors="0" timestamp="2023-06-13T11:58:18 IST" skipped="0">
  <testcase classname="LoginTest1.LoginTest" name="signUpTest" time="9.523"/>
  <system-out/>
  <testcase classname="LoginTest1.LoginTest" name="signInTest" time="15.490"/>
  <system-out/>
</testsuite> <!-- LoginTest1.LoginTest -->
