<?xml version="1.0" encoding="UTF-8"?>
<!-- Generated by org.testng.reporters.JUnitReportReporter -->
<testsuite hostname="DESKTOP-4M4RBC6" failures="0" tests="1" name="BasicProgram.Slider" time="0.515" errors="0" timestamp="2023-06-28T10:37:00 IST" skipped="0">
  <testcase classname="BasicProgram.Slider" name="testslider" time="0.515"/>
  <system-out/>
</testsuite> <!-- BasicProgram.Slider -->
