<?xml version="1.0" encoding="UTF-8"?>
<!-- Generated by org.testng.reporters.JUnitReportReporter -->
<testsuite hostname="DESKTOP-4M4RBC6" failures="0" tests="1" name="BasicProgram.RadioButtonsAndCheckBoxes" time="1.017" errors="0" timestamp="2023-07-03T09:33:54 IST" skipped="0">
  <testcase classname="BasicProgram.RadioButtonsAndCheckBoxes" name="test" time="1.017"/>
  <system-out/>
</testsuite> <!-- BasicProgram.RadioButtonsAndCheckBoxes -->
