<?xml version="1.0" encoding="UTF-8"?>
<!-- Generated by org.testng.reporters.JUnitReportReporter -->
<testsuite hostname="DESKTOP-4M4RBC6" failures="0" tests="1" name="BasicProgram.Calendor" time="0.587" errors="0" timestamp="2023-06-27T10:27:20 IST" skipped="0">
  <testcase classname="BasicProgram.Calendor" name="selectDateInCalendar" time="0.587"/>
  <system-out/>
</testsuite> <!-- BasicProgram.Calendor -->
