<?xml version="1.0" encoding="UTF-8"?>
<!-- Generated by org.testng.reporters.JUnitReportReporter -->
<testsuite hostname="DESKTOP-4M4RBC6" failures="0" tests="1" name="BasicProgram.ClickElemenUsingJavaScript" time="12.325" errors="0" timestamp="2023-07-04T17:33:37 IST" skipped="0">
  <testcase classname="BasicProgram.ClickElemenUsingJavaScript" name="testJSClick1" time="12.325"/>
  <system-out/>
</testsuite> <!-- BasicProgram.ClickElemenUsingJavaScript -->
