<?xml version="1.0" encoding="UTF-8"?>
<!-- Generated by org.testng.reporters.JUnitReportReporter -->
<testsuite hostname="DESKTOP-4M4RBC6" failures="0" tests="1" name="BasicProgram.KeyPressSelectAction" time="7.485" errors="0" timestamp="2023-07-04T18:03:57 IST" skipped="0">
  <testcase classname="BasicProgram.KeyPressSelectAction" name="testKeyPress" time="7.485"/>
  <system-out/>
</testsuite> <!-- BasicProgram.KeyPressSelectAction -->
