<?xml version="1.0" encoding="UTF-8"?>
<!-- Generated by org.testng.reporters.JUnitReportReporter -->
<testsuite hostname="DESKTOP-4M4RBC6" failures="0" tests="1" name="BasicProgram.AutocompleteDemo" time="2.273" errors="0" timestamp="2023-07-04T12:44:12 IST" skipped="0">
  <testcase classname="BasicProgram.AutocompleteDemo" name="testAutocomplete" time="2.273"/>
  <system-out/>
</testsuite> <!-- BasicProgram.AutocompleteDemo -->
