<?xml version="1.0" encoding="UTF-8"?>
<!-- Generated by org.testng.reporters.JUnitReportReporter -->
<testsuite hostname="DESKTOP-4M4RBC6" failures="0" tests="1" name="fileUplodWindow.FileUpload" time="12.373" errors="0" timestamp="2023-07-12T12:07:20 IST" skipped="0">
  <testcase classname="fileUplodWindow.FileUpload" name="fileUploadWebsite" time="12.373"/>
</testsuite> <!-- fileUplodWindow.FileUpload -->
