<?xml version="1.0" encoding="UTF-8"?>
<!-- Generated by org.testng.reporters.JUnitReportReporter -->
<testsuite hostname="DESKTOP-4M4RBC6" failures="0" tests="1" name="fileUplodWindow.FileUploadAutoIt" time="12.777" errors="0" timestamp="2023-07-12T13:22:57 IST" skipped="0">
  <testcase classname="fileUplodWindow.FileUploadAutoIt" name="fileUpload" time="12.777"/>
</testsuite> <!-- fileUplodWindow.FileUploadAutoIt -->
