<?xml version="1.0" encoding="UTF-8"?>
<!-- Generated by org.testng.reporters.JUnitReportReporter -->
<testsuite hostname="DESKTOP-4M4RBC6" failures="0" tests="2" name="testngExcelreading.ExcelTestng" time="8.547" errors="0" timestamp="2023-07-07T20:36:46 IST" skipped="0">
  <testcase classname="testngExcelreading.ExcelTestng" name="searchKeyword" time="3.124"/>
  <testcase classname="testngExcelreading.ExcelTestng" name="searchKeyword" time="5.423"/>
</testsuite> <!-- testngExcelreading.ExcelTestng -->
