<?xml version="1.0" encoding="UTF-8"?>
<!-- Generated by org.testng.reporters.JUnitReportReporter -->
<testsuite hostname="DESKTOP-4M4RBC6" failures="0" tests="3" name="dataDrivenTest.DataDrivenTest" time="41.207" errors="0" timestamp="2023-07-11T10:33:16 IST" skipped="0">
  <testcase classname="dataDrivenTest.DataDrivenTest" name="loginTest" time="36.961"/>
  <testcase classname="dataDrivenTest.DataDrivenTest" name="loginTest" time="1.556"/>
  <testcase classname="dataDrivenTest.DataDrivenTest" name="loginTest" time="2.690"/>
</testsuite> <!-- dataDrivenTest.DataDrivenTest -->
