<?xml version="1.0" encoding="UTF-8"?>
<!-- Generated by org.testng.reporters.JUnitReportReporter -->
<testsuite hostname="DESKTOP-4M4RBC6" failures="0" tests="1" name="fileUplodWindow.FileUplodWindow" time="26.275" errors="0" timestamp="2023-07-12T11:23:25 IST" skipped="0">
  <testcase classname="fileUplodWindow.FileUplodWindow" name="fileUpload" time="26.275"/>
</testsuite> <!-- fileUplodWindow.FileUplodWindow -->
