<?xml version="1.0" encoding="UTF-8"?>
<!-- Generated by org.testng.reporters.JUnitReportReporter -->
<testsuite hostname="DESKTOP-4M4RBC6" failures="0" tests="1" name="file.TestNG_TestCase" time="0.011" errors="0" timestamp="2023-07-06T11:23:00 IST" skipped="0">
  <testcase classname="file.TestNG_TestCase" name="testMethod" time="0.011"/>
  <system-out/>
</testsuite> <!-- file.TestNG_TestCase -->
