<?xml version="1.0" encoding="UTF-8"?>
<!-- Generated by org.testng.reporters.JUnitReportReporter -->
<testsuite hostname="DESKTOP-4M4RBC6" failures="0" tests="1" name="automation.DragPageTest" time="7.190" errors="0" timestamp="2023-06-26T10:25:08 IST" skipped="0">
  <testcase classname="automation.DragPageTest" name="performDragAndDropTest" time="7.190"/>
  <system-out/>
</testsuite> <!-- automation.DragPageTest -->
