<?xml version="1.0" encoding="UTF-8"?>
<!-- Generated by org.testng.reporters.JUnitReportReporter -->
<testsuite hostname="DESKTOP-4M4RBC6" failures="0" tests="1" name="automation.FrameTest" time="0.767" errors="0" timestamp="2023-06-23T10:46:25 IST" skipped="0">
  <testcase classname="automation.FrameTest" name="frameTest" time="0.767"/>
  <system-out/>
</testsuite> <!-- automation.FrameTest -->
