<?xml version="1.0" encoding="UTF-8"?>
<!-- Generated by org.testng.reporters.JUnitReportReporter -->
<testsuite hostname="DESKTOP-4M4RBC6" failures="0" tests="2" name="buttonTest.ButtonTest" time="3.675" errors="0" timestamp="2023-06-16T13:50:59 IST" skipped="0">
  <testcase classname="buttonTest.ButtonTest" name="login" time="3.293"/>
  <system-out/>
  <testcase classname="buttonTest.ButtonTest" name="testButton" time="0.382"/>
  <system-out/>
</testsuite> <!-- buttonTest.ButtonTest -->
