<?xml version="1.0" encoding="UTF-8"?>
<!-- Generated by org.testng.reporters.JUnitReportReporter -->
<testsuite hostname="DESKTOP-4M4RBC6" failures="0" tests="1" name="automation.MultipleElementTest" time="6.427" errors="0" timestamp="2023-06-24T20:21:42 IST" skipped="0">
  <testcase classname="automation.MultipleElementTest" name="selectMultipleElementsTest" time="6.427"/>
  <system-out/>
</testsuite> <!-- automation.MultipleElementTest -->
