<?xml version="1.0" encoding="UTF-8"?>
<!-- Generated by org.testng.reporters.JUnitReportReporter -->
<testsuite hostname="DESKTOP-4M4RBC6" failures="0" tests="1" name="automation.DragDropTest$DragAndDropTest" time="6.616" errors="0" timestamp="2023-06-26T10:29:56 IST" skipped="0">
  <testcase classname="automation.DragDropTest$DragAndDropTest" name="performDragAndDropTest" time="6.616"/>
  <system-out/>
</testsuite> <!-- automation.DragDropTest$DragAndDropTest -->
