<?xml version="1.0" encoding="UTF-8"?>
<!-- Generated by org.testng.reporters.JUnitReportReporter -->
<testsuite hostname="DESKTOP-4M4RBC6" failures="0" tests="1" name="automation.InputTest" time="0.321" errors="0" timestamp="2023-06-21T14:55:43 IST" skipped="0">
  <testcase classname="automation.InputTest" name="testGetMeValue1" time="0.321"/>
  <system-out/>
</testsuite> <!-- automation.InputTest -->
