<?xml version="1.0" encoding="UTF-8"?>
<!-- Generated by org.testng.reporters.JUnitReportReporter -->
<testsuite hostname="DESKTOP-4M4RBC6" failures="0" tests="5" name="test.DropDownTest" time="5.319" errors="0" timestamp="2023-06-19T10:34:16 IST" skipped="0">
  <testcase classname="test.DropDownTest" name="login" time="2.790"/>
  <testcase classname="test.DropDownTest" name="testDropDown" time="1.591"/>
  <testcase classname="test.DropDownTest" name="testhero" time="0.357"/>
  <testcase classname="test.DropDownTest" name="testLang" time="0.298"/>
  <testcase classname="test.DropDownTest" name="testcountry" time="0.283"/>
</testsuite> <!-- test.DropDownTest -->
